{"/Users/tFujita/node-greeting-example/lib/words.js":{"path":"/Users/tFujita/node-greeting-example/lib/words.js","s":{"1":1},"b":{},"f":{},"fnMap":{},"statementMap":{"1":{"start":{"line":1,"column":0},"end":{"line":8,"column":2}}},"branchMap":{}},"/Users/tFujita/node-greeting-example/index.js":{"path":"/Users/tFujita/node-greeting-example/index.js","s":{"1":1,"2":1,"3":1,"4":1,"5":1,"6":1,"7":1,"8":10,"9":1},"b":{},"f":{"1":1,"2":1},"fnMap":{"1":{"name":"(anonymous_1)","line":7,"loc":{"start":{"line":7,"column":23},"end":{"line":7,"column":34}}},"2":{"name":"(anonymous_2)","line":12,"loc":{"start":{"line":12,"column":26},"end":{"line":12,"column":38}}}},"statementMap":{"1":{"start":{"line":3,"column":0},"end":{"line":3,"column":38}},"2":{"start":{"line":4,"column":0},"end":{"line":4,"column":36}},"3":{"start":{"line":7,"column":0},"end":{"line":9,"column":2}},"4":{"start":{"line":8,"column":1},"end":{"line":8,"column":56}},"5":{"start":{"line":12,"column":0},"end":{"line":20,"column":2}},"6":{"start":{"line":13,"column":1},"end":{"line":13,"column":14}},"7":{"start":{"line":15,"column":1},"end":{"line":17,"column":2}},"8":{"start":{"line":16,"column":2},"end":{"line":16,"column":58}},"9":{"start":{"line":19,"column":1},"end":{"line":19,"column":21}}},"branchMap":{}},"/Users/tFujita/node-greeting-example/lib/bars.js":{"path":"/Users/tFujita/node-greeting-example/lib/bars.js","s":{"1":1},"b":{},"f":{},"fnMap":{},"statementMap":{"1":{"start":{"line":1,"column":0},"end":{"line":1,"column":63}}},"branchMap":{}}}